<?xml version="1.0" encoding="UTF-8"?>
<!-- Generated by org.testng.reporters.JUnitXMLReporter -->
<testsuite hostname="Shragvi-PC" ignored="0" name="Test" tests="4" failures="0" timestamp="09 May 2020 08:50:59 GMT" time="0.057" errors="0">
  <testcase name="test_login" time="0.01" classname="testCases.Test1"/>
  <testcase name="test_search" time="0.001" classname="testCases.Test2"/>
  <testcase name="test_logout" time="0.0" classname="testCases.Test1"/>
  <testcase name="test_advSearch" time="0.001" classname="testCases.Test2"/>
</testsuite> <!-- Test -->
